[26Dec2024 00:06:47.350] [Server thread/WARN] [net.minecraft.server.network.ServerGamePacketListenerImpl/]: Roxanne711 moved too quickly! -10.397827289339375,0.0,0.7557983345132016
[26Dec2024 00:06:52.871] [Server thread/WARN] [net.minecraft.server.network.ServerGamePacketListenerImpl/]: Roxanne711 moved too quickly! -9.843920175829226,0.0,3.491059426114589
[26Dec2024 00:06:54.723] [Server thread/WARN] [net.minecraft.server.network.ServerGamePacketListenerImpl/]: Roxanne711 moved too quickly! -10.199832089683923,0.0,2.026699759911935
[26Dec2024 00:06:54.727] [Server thread/WARN] [net.minecraft.server.MinecraftServer/]: Can't keep up! Is the server overloaded? Running 2773ms or 55 ticks behind
[26Dec2024 00:06:56.706] [Server thread/WARN] [net.minecraft.server.network.ServerGamePacketListenerImpl/]: Roxanne711 moved too quickly! -9.738123752107413,0.0,2.4487419443876206
[26Dec2024 00:07:35.788] [Server thread/WARN] [net.minecraft.world.level.chunk.LevelChunk/]: Tried to load a DUMMY block entity @ BlockPos{x=-1737, y=39, z=-6867} but found not block entity block Block{minecraft:water}[level=8] at location
[26Dec2024 00:07:35.790] [Server thread/WARN] [net.minecraft.world.level.chunk.LevelChunk/]: Tried to load a block entity for block Block{minecraft:water}[level=8] but failed at location BlockPos{x=-1737, y=39, z=-6867}
[26Dec2024 00:09:25.346] [Server thread/WARN] [net.minecraft.server.network.ServerGamePacketListenerImpl/]: Roxanne711 moved too quickly! -10.159829936291317,0.0,-2.2915239210942673
[26Dec2024 00:09:33.402] [Server thread/WARN] [net.minecraft.server.network.ServerGamePacketListenerImpl/]: Roxanne711 moved too quickly! -10.887505535905802,0.0,0.015502147834922653
[26Dec2024 00:09:34.677] [Server thread/WARN] [net.minecraft.server.network.ServerGamePacketListenerImpl/]: Roxanne711 moved too quickly! -10.319825472528919,0.0,0.024803436535876244
[26Dec2024 00:13:58.906] [Server thread/WARN] [net.minecraft.server.MinecraftServer/]: Can't keep up! Is the server overloaded? Running 2202ms or 44 ticks behind
[26Dec2024 00:15:30.470] [Server thread/INFO] [net.minecraft.server.network.ServerGamePacketListenerImpl/]: Roxanne711 lost connection: Disconnected
[26Dec2024 00:15:30.471] [Server thread/INFO] [net.minecraft.server.MinecraftServer/]: Roxanne711 left the game
[26Dec2024 00:15:30.524] [Server thread/WARN] [net.minecraft.network.Connection/]: handleDisconnection() called twice
[26Dec2024 00:22:30.493] [Server thread/INFO] [net.minecraft.server.MinecraftServer/]: Teleported st_Div to -2094.500000, 84.000000, 1911.500000
[26Dec2024 00:30:47.167] [Server thread/INFO] [net.minecraft.server.network.ServerGamePacketListenerImpl/]: st_Div lost connection: Disconnected
[26Dec2024 00:30:47.168] [Server thread/INFO] [net.minecraft.server.MinecraftServer/]: st_Div left the game
[26Dec2024 00:30:52.442] [Server thread/ERROR] [net.minecraft.stats.ServerRecipeBook/]: Tried to load unrecognized recipe: apotheosis:potion_charm_enchanting removed now.
[26Dec2024 00:30:52.445] [Server thread/ERROR] [net.minecraft.stats.ServerRecipeBook/]: Tried to load unrecognized recipe: apotheosis:potion_charm_enchanting removed now.
[26Dec2024 00:30:52.445] [Server thread/INFO] [net.minecraft.server.players.PlayerList/]: st_Div[/127.168.242.198:51837] logged in with entity id 77178 at (-2096.376765976063, 85.0, 1907.9933916528016)
[26Dec2024 00:30:52.475] [Server thread/INFO] [net.minecraft.server.MinecraftServer/]: st_Div joined the game
[26Dec2024 00:31:21.235] [Server thread/INFO] [net.minecraft.server.MinecraftServer/]: You whisper to st_Div: pto
[26Dec2024 00:31:29.990] [Server thread/INFO] [net.minecraft.server.MinecraftServer/]: [Not Secure] <st_Div> olaaaaa
[26Dec2024 00:31:34.906] [Server thread/INFO] [net.minecraft.world.entity.npc.Villager/]: Villager Villager['Villager'/77798, l='ServerLevel[world]', x=-2033.90, y=-256.00, z=1885.57] died, message: 'Villager was killed'
[26Dec2024 00:31:50.672] [Server thread/INFO] [net.minecraft.server.MinecraftServer/]: You whisper to st_Div: 3000 años
[26Dec2024 00:33:02.567] [Server thread/INFO] [net.minecraft.server.network.ServerGamePacketListenerImpl/]: st_Div lost connection: Disconnected
[26Dec2024 00:33:02.568] [Server thread/INFO] [net.minecraft.server.MinecraftServer/]: st_Div left the game
